<?xml version="1.0" encoding="UTF-8"?>
<!-- Generated by org.testng.reporters.JUnitReportReporter -->
<testsuite hostname="DESKTOP-UAQBN80" failures="0" tests="1" name="com.Files.FileDownloading" time="6.075" errors="0" timestamp="2023-09-09T22:47:56 IST" skipped="0">
  <testcase classname="com.Files.FileDownloading" name="fileDownload" time="6.075"/>
  <system-out/>
</testsuite> <!-- com.Files.FileDownloading -->
