<?xml version="1.0" encoding="UTF-8"?>
<!-- Generated by org.testng.reporters.JUnitReportReporter -->
<testsuite hostname="DESKTOP-UAQBN80" failures="0" tests="1" name="com.Files.ScreenshotwebElement" time="13.066" errors="0" timestamp="2023-09-13T23:09:37 IST" skipped="0">
  <testcase classname="com.Files.ScreenshotwebElement" name="sectionOfthePage" time="13.066"/>
  <system-out/>
</testsuite> <!-- com.Files.ScreenshotwebElement -->
