<?xml version="1.0" encoding="UTF-8"?>
<!-- Generated by org.testng.reporters.JUnitReportReporter -->
<testsuite hostname="DESKTOP-UAQBN80" failures="0" tests="1" name="com.Files.FileScreenshot" time="15.704" errors="0" timestamp="2023-09-09T12:30:32 IST" skipped="0">
  <testcase classname="com.Files.FileScreenshot" name="verfiy" time="15.704"/>
  <system-out/>
</testsuite> <!-- com.Files.FileScreenshot -->
