<?xml version="1.0" encoding="UTF-8"?>
<!-- Generated by org.testng.reporters.JUnitReportReporter -->
<testsuite hostname="DESKTOP-UAQBN80" failures="0" tests="1" name="com.Files.ScreenshotwebElement" time="0.086" errors="0" timestamp="2023-09-02T22:13:05 IST" skipped="0">
  <testcase classname="com.Files.ScreenshotwebElement" name="date" time="0.086"/>
  <system-out/>
</testsuite> <!-- com.Files.ScreenshotwebElement -->
