<?xml version="1.0" encoding="UTF-8"?>
<!-- Generated by org.testng.reporters.JUnitReportReporter -->
<testsuite hostname="DESKTOP-UAQBN80" failures="0" tests="1" name="com.Files.Screenshot" time="0.219" errors="0" timestamp="2023-09-01T20:45:32 IST" skipped="0">
  <testcase classname="com.Files.Screenshot" name="verfiy" time="0.219"/>
  <system-out/>
</testsuite> <!-- com.Files.Screenshot -->
