<?xml version="1.0" encoding="UTF-8"?>
<!-- Generated by org.testng.reporters.JUnitReportReporter -->
<testsuite hostname="DESKTOP-UAQBN80" failures="0" tests="1" name="com.Files.FileUploading" time="2.441" errors="0" timestamp="2023-09-12T20:46:36 IST" skipped="0">
  <testcase classname="com.Files.FileUploading" name="FileUploadbysendkeys" time="2.441"/>
  <system-out/>
</testsuite> <!-- com.Files.FileUploading -->
