<?xml version="1.0" encoding="UTF-8"?>
<!-- Generated by org.testng.reporters.JUnitReportReporter -->
<testsuite hostname="DESKTOP-UAQBN80" failures="0" tests="1" name="com.test.A2" time="0.003" errors="0" timestamp="2023-09-07T22:34:07 IST" skipped="0">
  <testcase classname="com.test.A2" name="B3" time="0.003"/>
  <system-out/>
</testsuite> <!-- com.test.A2 -->
