<?xml version="1.0" encoding="UTF-8"?>
<!-- Generated by org.testng.reporters.JUnitReportReporter -->
<testsuite hostname="DESKTOP-UAQBN80" failures="0" tests="3" name="com.Files.FileUploading" time="26.209" errors="0" timestamp="2023-09-09T13:48:57 IST" skipped="0">
  <testcase classname="com.Files.FileUploading" name="FileUploadbyRobotclass" time="8.542"/>
  <system-out/>
  <testcase classname="com.Files.FileUploading" name="FileUploadbyRobotclass" time="8.855"/>
  <system-out/>
  <testcase classname="com.Files.FileUploading" name="FileUploadbyRobotclass" time="8.812"/>
  <system-out/>
</testsuite> <!-- com.Files.FileUploading -->
