<?xml version="1.0" encoding="UTF-8"?>
<!-- Generated by org.testng.reporters.JUnitReportReporter -->
<testsuite hostname="DESKTOP-UAQBN80" failures="0" tests="2" name="com.test.A3" time="0.016" errors="0" timestamp="2023-09-05T11:42:45 IST" skipped="0">
  <testcase classname="com.test.A3" name="B6" time="0.006"/>
  <system-out/>
  <testcase classname="com.test.A3" name="B8" time="0.010"/>
  <system-out/>
</testsuite> <!-- com.test.A3 -->
