<?xml version="1.0" encoding="UTF-8"?>
<!-- Generated by org.testng.reporters.JUnitReportReporter -->
<testsuite hostname="DESKTOP-UAQBN80" failures="0" tests="2" name="com.test.A1" time="0.027" errors="0" timestamp="2023-09-07T22:34:07 IST" skipped="0">
  <testcase classname="com.test.A1" name="B2" time="0.004"/>
  <system-out/>
  <testcase classname="com.test.A1" name="B1" time="0.023"/>
  <system-out/>
</testsuite> <!-- com.test.A1 -->
