<?xml version="1.0" encoding="UTF-8"?>
<!-- Generated by org.testng.reporters.JUnitReportReporter -->
<testsuite hostname="DESKTOP-UAQBN80" failures="0" tests="1" name="com.Files.ScreenshotwebElement" time="8.914" errors="0" timestamp="2023-09-08T21:33:16 IST" skipped="0">
  <testcase classname="com.Files.ScreenshotwebElement" name="webelementScreenshot" time="8.914"/>
  <system-out/>
</testsuite> <!-- com.Files.ScreenshotwebElement -->
